  main.c
C:\Users\User\Desktop\SingleCycle\main.c(112,23): warning C4267: '=': 'size_t'에서 'unsigned int'(으)로 변환하면서 데이터가 손실될 수 있습니다.
C:\Users\User\Desktop\SingleCycle\main.c(408,16): warning C4477: 'printf' : 서식 문자열 '%X'에 'unsigned int' 형식의 인수가 필요하지만 variadic 인수 2의 형식이 'size_t'입니다.
C:\Users\User\Desktop\SingleCycle\main.c(408,16): message : 서식 문자열에서 '%zX'을(를) 사용하는 것이 좋습니다.
C:\Users\User\Desktop\SingleCycle\main.c(414,16): warning C4477: 'printf' : 서식 문자열 '%X'에 'unsigned int' 형식의 인수가 필요하지만 variadic 인수 2의 형식이 'size_t'입니다.
C:\Users\User\Desktop\SingleCycle\main.c(414,16): message : 서식 문자열에서 '%zX'을(를) 사용하는 것이 좋습니다.
C:\Users\User\Desktop\SingleCycle\main.c(419,16): warning C4477: 'printf' : 서식 문자열 '%X'에 'unsigned int' 형식의 인수가 필요하지만 variadic 인수 2의 형식이 'size_t'입니다.
C:\Users\User\Desktop\SingleCycle\main.c(419,16): message : 서식 문자열에서 '%zX'을(를) 사용하는 것이 좋습니다.
C:\Users\User\Desktop\SingleCycle\main.c(430,16): warning C4477: 'printf' : 서식 문자열 '%X'에 'unsigned int' 형식의 인수가 필요하지만 variadic 인수 2의 형식이 'size_t'입니다.
C:\Users\User\Desktop\SingleCycle\main.c(430,16): message : 서식 문자열에서 '%zX'을(를) 사용하는 것이 좋습니다.
C:\Users\User\Desktop\SingleCycle\main.c(439,38): warning C4018: '<': signed 또는 unsigned가 일치하지 않습니다.
C:\Users\User\Desktop\SingleCycle\main.c(454,16): warning C4477: 'printf' : 서식 문자열 '%X'에 'unsigned int' 형식의 인수가 필요하지만 variadic 인수 1의 형식이 'size_t'입니다.
C:\Users\User\Desktop\SingleCycle\main.c(454,16): message : 서식 문자열에서 '%zX'을(를) 사용하는 것이 좋습니다.
C:\Users\User\Desktop\SingleCycle\main.c(463,16): warning C4477: 'printf' : 서식 문자열 '%X'에 'unsigned int' 형식의 인수가 필요하지만 variadic 인수 1의 형식이 'size_t'입니다.
C:\Users\User\Desktop\SingleCycle\main.c(463,16): message : 서식 문자열에서 '%zX'을(를) 사용하는 것이 좋습니다.
C:\Users\User\Desktop\SingleCycle\main.c(472,16): warning C4477: 'printf' : 서식 문자열 '%X'에 'unsigned int' 형식의 인수가 필요하지만 variadic 인수 1의 형식이 'size_t'입니다.
C:\Users\User\Desktop\SingleCycle\main.c(472,16): message : 서식 문자열에서 '%zX'을(를) 사용하는 것이 좋습니다.
C:\Users\User\Desktop\SingleCycle\main.c(479,16): warning C4477: 'printf' : 서식 문자열 '%X'에 'unsigned int' 형식의 인수가 필요하지만 variadic 인수 1의 형식이 'size_t'입니다.
C:\Users\User\Desktop\SingleCycle\main.c(479,16): message : 서식 문자열에서 '%zX'을(를) 사용하는 것이 좋습니다.
  SingleCycle.vcxproj -> C:\Users\User\Desktop\SingleCycle\x64\Debug\SingleCycle.exe
